2025-09-08 17:17:36,541 [ERROR] function_tools.brave_search [brave_search.py:178]: Brave Search validation error (422): {"type":"ErrorResponse","error":{"id":"dd86d2a3-f9dc-48b5-86e9-247917eb1a62","status":422,"code":"VALIDATION","detail":"Unable to validate request parameter(s)","meta":{"errors":[{"type":"too_long","loc":["query","q"],"msg":"Value should have at most 50 words after validation, not 56","input":"tax precedent Analyze the tax implications of a complex cross-border merger involving a US parent company acquiring a German subsidiary through a Section 338(h)(10) election, considering the impact on NOL carryforwards, international tax planning strategies, transfer pricing implications, and the interaction with the GILTI provisions under the Tax Cuts and Jobs Act. What are the optimal","ctx":{"field_type":"Value","max_length":50,"actual_length":56}}]}},"time":1757348256}
2025-09-08 17:17:39,663 [ERROR] function_tools.brave_search [brave_search.py:178]: Brave Search validation error (422): {"type":"ErrorResponse","error":{"id":"5b124262-990d-471d-9f09-f9a55277c423","status":422,"code":"VALIDATION","detail":"Unable to validate request parameter(s)","meta":{"errors":[{"type":"too_long","loc":["query","q"],"msg":"Value should have at most 50 words after validation, not 57","input":"tax expert Analyze the tax implications of a complex cross-border merger involving a US parent company acquiring a German subsidiary through a Section 338(h)(10) election, considering the impact on NOL carryforwards, international tax planning strategies, transfer pricing implications, and the interaction with the GILTI provisions under the Tax Cuts and Jobs Act. What are the optimal structuring","ctx":{"field_type":"Value","max_length":50,"actual_length":57}}]}},"time":1757348259}
2025-09-08 20:13:39,741 [ERROR] database.chat_repository [chat_repository.py:149]: list_conversations failed: {'message': "Could not find the table 'public.conversations' in the schema cache", 'code': 'PGRST205', 'hint': None, 'details': None}
2025-09-08 20:13:39,906 [ERROR] database.chat_repository [chat_repository.py:121]: create_conversation failed: {'message': "Could not find the table 'public.conversations' in the schema cache", 'code': 'PGRST205', 'hint': None, 'details': None}
2025-09-08 20:13:39,907 [ERROR] api.routes.chat [chat.py:45]: Failed to create conversation: {'message': "Could not find the table 'public.conversations' in the schema cache", 'code': 'PGRST205', 'hint': None, 'details': None}
2025-09-08 20:13:51,897 [ERROR] database.chat_repository [chat_repository.py:121]: create_conversation failed: {'message': "Could not find the table 'public.conversations' in the schema cache", 'code': 'PGRST205', 'hint': None, 'details': None}
2025-09-08 20:13:51,897 [ERROR] api.routes.chat [chat.py:45]: Failed to create conversation: {'message': "Could not find the table 'public.conversations' in the schema cache", 'code': 'PGRST205', 'hint': None, 'details': None}
2025-09-08 20:13:56,856 [ERROR] database.chat_repository [chat_repository.py:149]: list_conversations failed: {'message': "Could not find the table 'public.conversations' in the schema cache", 'code': 'PGRST205', 'hint': None, 'details': None}
2025-09-08 20:13:57,013 [ERROR] database.chat_repository [chat_repository.py:121]: create_conversation failed: {'message': "Could not find the table 'public.conversations' in the schema cache", 'code': 'PGRST205', 'hint': None, 'details': None}
2025-09-08 20:13:57,013 [ERROR] api.routes.chat [chat.py:45]: Failed to create conversation: {'message': "Could not find the table 'public.conversations' in the schema cache", 'code': 'PGRST205', 'hint': None, 'details': None}
2025-09-08 20:23:15,519 [ERROR] database.chat_repository [chat_repository.py:149]: list_conversations failed: {'message': "Could not find the table 'public.conversations' in the schema cache", 'code': 'PGRST205', 'hint': None, 'details': None}
2025-09-08 20:23:15,662 [ERROR] database.chat_repository [chat_repository.py:121]: create_conversation failed: {'message': "Could not find the table 'public.conversations' in the schema cache", 'code': 'PGRST205', 'hint': None, 'details': None}
2025-09-08 20:23:15,663 [ERROR] api.routes.chat [chat.py:45]: Failed to create conversation: {'message': "Could not find the table 'public.conversations' in the schema cache", 'code': 'PGRST205', 'hint': None, 'details': None}
2025-09-08 20:23:32,730 [ERROR] database.chat_repository [chat_repository.py:149]: list_conversations failed: {'message': "Could not find the table 'public.conversations' in the schema cache", 'code': 'PGRST205', 'hint': None, 'details': None}
2025-09-08 20:23:32,897 [ERROR] database.chat_repository [chat_repository.py:121]: create_conversation failed: {'message': "Could not find the table 'public.conversations' in the schema cache", 'code': 'PGRST205', 'hint': None, 'details': None}
2025-09-08 20:23:32,897 [ERROR] api.routes.chat [chat.py:45]: Failed to create conversation: {'message': "Could not find the table 'public.conversations' in the schema cache", 'code': 'PGRST205', 'hint': None, 'details': None}
2025-09-08 20:25:32,458 [ERROR] database.chat_repository [chat_repository.py:149]: list_conversations failed: {'message': "Could not find the table 'public.conversations' in the schema cache", 'code': 'PGRST205', 'hint': None, 'details': None}
2025-09-08 20:25:32,628 [ERROR] database.chat_repository [chat_repository.py:121]: create_conversation failed: {'message': "Could not find the table 'public.conversations' in the schema cache", 'code': 'PGRST205', 'hint': None, 'details': None}
2025-09-08 20:25:32,629 [ERROR] api.routes.chat [chat.py:45]: Failed to create conversation: {'message': "Could not find the table 'public.conversations' in the schema cache", 'code': 'PGRST205', 'hint': None, 'details': None}
2025-09-08 20:27:12,059 [ERROR] database.chat_repository [chat_repository.py:149]: list_conversations failed: {'message': "Could not find the table 'public.conversations' in the schema cache", 'code': 'PGRST205', 'hint': None, 'details': None}
2025-09-08 20:27:12,300 [ERROR] database.chat_repository [chat_repository.py:121]: create_conversation failed: {'message': "Could not find the table 'public.conversations' in the schema cache", 'code': 'PGRST205', 'hint': None, 'details': None}
2025-09-08 20:27:12,300 [ERROR] api.routes.chat [chat.py:45]: Failed to create conversation: {'message': "Could not find the table 'public.conversations' in the schema cache", 'code': 'PGRST205', 'hint': None, 'details': None}
2025-09-08 20:38:49,498 [ERROR] database.chat_repository [chat_repository.py:149]: list_conversations failed: {'message': "Could not find the table 'public.conversations' in the schema cache", 'code': 'PGRST205', 'hint': None, 'details': None}
2025-09-08 20:38:49,702 [ERROR] database.chat_repository [chat_repository.py:121]: create_conversation failed: {'message': "Could not find the table 'public.conversations' in the schema cache", 'code': 'PGRST205', 'hint': None, 'details': None}
2025-09-08 20:38:49,703 [ERROR] api.routes.chat [chat.py:46]: Failed to create conversation: {'message': "Could not find the table 'public.conversations' in the schema cache", 'code': 'PGRST205', 'hint': None, 'details': None}
2025-09-08 20:38:49,868 [ERROR] database.chat_repository [chat_repository.py:181]: get_history failed: {'message': "Could not find the table 'public.messages' in the schema cache", 'code': 'PGRST205', 'hint': None, 'details': None}
2025-09-08 20:39:33,389 [ERROR] database.chat_repository [chat_repository.py:166]: add_message failed: {'message': "Could not find the table 'public.messages' in the schema cache", 'code': 'PGRST205', 'hint': None, 'details': None}
2025-09-08 20:39:33,544 [ERROR] database.chat_repository [chat_repository.py:224]: list_conversation_documents failed: {'message': "Could not find the table 'public.conversation_documents' in the schema cache", 'code': 'PGRST205', 'hint': "Perhaps you meant the table 'public.tax_documents'", 'details': None}
2025-09-08 20:39:33,770 [ERROR] database.chat_repository [chat_repository.py:181]: get_history failed: {'message': "Could not find the table 'public.messages' in the schema cache", 'code': 'PGRST205', 'hint': None, 'details': None}
2025-09-08 20:39:35,951 [ERROR] database.supabase_client [supabase_client.py:164]: Direct vector search failed: {'message': 'JSON could not be generated', 'code': 414, 'hint': 'Refer to full message for details', 'details': "b'<html>\\r\\n<head><title>414 Request-URI Too Large</title></head>\\r\\n<body>\\r\\n<center><h1>414 Request-URI Too Large</h1></center>\\r\\n<hr><center>cloudflare</center>\\r\\n</body>\\r\\n</html>\\r\\n'"}
2025-09-08 20:39:36,911 [ERROR] database.supabase_client [supabase_client.py:164]: Direct vector search failed: {'message': 'JSON could not be generated', 'code': 414, 'hint': 'Refer to full message for details', 'details': "b'<html>\\r\\n<head><title>414 Request-URI Too Large</title></head>\\r\\n<body>\\r\\n<center><h1>414 Request-URI Too Large</h1></center>\\r\\n<hr><center>cloudflare</center>\\r\\n</body>\\r\\n</html>\\r\\n'"}
2025-09-08 20:40:05,369 [ERROR] asyncio [base_events.py:1771]: Unclosed client session
client_session: <aiohttp.client.ClientSession object at 0x11cd0b690>
2025-09-09 21:20:34,878 [ERROR] database.chat_repository [chat_repository.py:149]: list_conversations failed: {'message': "Could not find the table 'public.conversations' in the schema cache", 'code': 'PGRST205', 'hint': None, 'details': None}
2025-09-09 21:20:41,415 [ERROR] database.chat_repository [chat_repository.py:149]: list_conversations failed: {'message': "Could not find the table 'public.conversations' in the schema cache", 'code': 'PGRST205', 'hint': None, 'details': None}
2025-09-09 21:20:45,716 [ERROR] database.chat_repository [chat_repository.py:149]: list_conversations failed: {'message': "Could not find the table 'public.conversations' in the schema cache", 'code': 'PGRST205', 'hint': None, 'details': None}
2025-09-09 21:20:45,863 [ERROR] database.chat_repository [chat_repository.py:121]: create_conversation failed: {'message': "Could not find the table 'public.conversations' in the schema cache", 'code': 'PGRST205', 'hint': None, 'details': None}
2025-09-09 21:20:45,863 [ERROR] api.routes.chat [chat.py:46]: Failed to create conversation: {'message': "Could not find the table 'public.conversations' in the schema cache", 'code': 'PGRST205', 'hint': None, 'details': None}
2025-09-09 21:20:46,041 [ERROR] database.chat_repository [chat_repository.py:181]: get_history failed: {'message': "Could not find the table 'public.messages' in the schema cache", 'code': 'PGRST205', 'hint': None, 'details': None}
2025-09-09 21:21:19,477 [ERROR] database.chat_repository [chat_repository.py:166]: add_message failed: {'message': "Could not find the table 'public.messages' in the schema cache", 'code': 'PGRST205', 'hint': None, 'details': None}
2025-09-09 21:21:19,601 [ERROR] database.chat_repository [chat_repository.py:224]: list_conversation_documents failed: {'message': "Could not find the table 'public.conversation_documents' in the schema cache", 'code': 'PGRST205', 'hint': "Perhaps you meant the table 'public.tax_documents'", 'details': None}
2025-09-09 21:21:19,742 [ERROR] database.chat_repository [chat_repository.py:181]: get_history failed: {'message': "Could not find the table 'public.messages' in the schema cache", 'code': 'PGRST205', 'hint': None, 'details': None}
2025-09-09 21:21:21,245 [ERROR] database.supabase_client [supabase_client.py:164]: Direct vector search failed: {'message': 'JSON could not be generated', 'code': 414, 'hint': 'Refer to full message for details', 'details': "b'<html>\\r\\n<head><title>414 Request-URI Too Large</title></head>\\r\\n<body>\\r\\n<center><h1>414 Request-URI Too Large</h1></center>\\r\\n<hr><center>cloudflare</center>\\r\\n</body>\\r\\n</html>\\r\\n'"}
2025-09-09 21:21:22,133 [ERROR] database.supabase_client [supabase_client.py:164]: Direct vector search failed: {'message': 'JSON could not be generated', 'code': 414, 'hint': 'Refer to full message for details', 'details': "b'<html>\\r\\n<head><title>414 Request-URI Too Large</title></head>\\r\\n<body>\\r\\n<center><h1>414 Request-URI Too Large</h1></center>\\r\\n<hr><center>cloudflare</center>\\r\\n</body>\\r\\n</html>\\r\\n'"}
2025-09-09 21:21:22,274 [ERROR] database.supabase_client [supabase_client.py:188]: Fallback search failed: {'message': 'column tax_documents.type does not exist', 'code': '42703', 'hint': None, 'details': None}
2025-09-09 21:21:22,559 [ERROR] database.supabase_client [supabase_client.py:164]: Direct vector search failed: {'message': 'JSON could not be generated', 'code': 414, 'hint': 'Refer to full message for details', 'details': "b'<html>\\r\\n<head><title>414 Request-URI Too Large</title></head>\\r\\n<body>\\r\\n<center><h1>414 Request-URI Too Large</h1></center>\\r\\n<hr><center>cloudflare</center>\\r\\n</body>\\r\\n</html>\\r\\n'"}
2025-09-09 21:21:23,179 [ERROR] database.supabase_client [supabase_client.py:164]: Direct vector search failed: {'message': 'JSON could not be generated', 'code': 414, 'hint': 'Refer to full message for details', 'details': "b'<html>\\r\\n<head><title>414 Request-URI Too Large</title></head>\\r\\n<body>\\r\\n<center><h1>414 Request-URI Too Large</h1></center>\\r\\n<hr><center>cloudflare</center>\\r\\n</body>\\r\\n</html>\\r\\n'"}
2025-09-09 21:21:23,842 [ERROR] database.supabase_client [supabase_client.py:164]: Direct vector search failed: {'message': 'JSON could not be generated', 'code': 414, 'hint': 'Refer to full message for details', 'details': "b'<html>\\r\\n<head><title>414 Request-URI Too Large</title></head>\\r\\n<body>\\r\\n<center><h1>414 Request-URI Too Large</h1></center>\\r\\n<hr><center>cloudflare</center>\\r\\n</body>\\r\\n</html>\\r\\n'"}
2025-09-09 21:23:41,239 [ERROR] database.chat_repository [chat_repository.py:166]: add_message failed: {'message': "Could not find the table 'public.messages' in the schema cache", 'code': 'PGRST205', 'hint': None, 'details': None}
2025-09-09 21:25:28,881 [ERROR] database.chat_repository [chat_repository.py:149]: list_conversations failed: {'message': "Could not find the table 'public.conversations' in the schema cache", 'code': 'PGRST205', 'hint': None, 'details': None}
2025-09-09 21:25:39,994 [ERROR] database.chat_repository [chat_repository.py:149]: list_conversations failed: {'message': "Could not find the table 'public.conversations' in the schema cache", 'code': 'PGRST205', 'hint': None, 'details': None}
2025-09-09 21:25:40,258 [ERROR] database.chat_repository [chat_repository.py:121]: create_conversation failed: {'message': "Could not find the table 'public.conversations' in the schema cache", 'code': 'PGRST205', 'hint': None, 'details': None}
2025-09-09 21:25:40,259 [ERROR] api.routes.chat [chat.py:46]: Failed to create conversation: {'message': "Could not find the table 'public.conversations' in the schema cache", 'code': 'PGRST205', 'hint': None, 'details': None}
2025-09-09 21:25:40,411 [ERROR] database.chat_repository [chat_repository.py:181]: get_history failed: {'message': "Could not find the table 'public.messages' in the schema cache", 'code': 'PGRST205', 'hint': None, 'details': None}
2025-09-09 21:27:01,684 [ERROR] asyncio [base_events.py:1771]: Unclosed client session
client_session: <aiohttp.client.ClientSession object at 0x10b424d50>
2025-09-09 21:48:31,464 [ERROR] asyncio [base_events.py:1771]: Unclosed client session
client_session: <aiohttp.client.ClientSession object at 0x117c15a90>
